[INFO] - [09-04-2025 08:55:55] [main] [org.testng.internal.Utils] [TestNG] Running:
  C:\Users\rsakr\AppData\Local\JetBrains\IdeaIC2023.2\temp-testng-customsuite.xml

[INFO] - [09-04-2025 08:55:56] [main] [com.SprintDemo.drivers.DriverManager] driver created:chrome
[INFO] - [09-04-2025 08:55:56] [main] [com.Sprint.tests.AddItemToTheCartTest] driver is intialised now 
[INFO] - [09-04-2025 08:56:00] [main] [com.SprintDemo.utilites.BrowserActions] URL now is https://magento.softwaretestingboard.com/men/tops-men/hoodies-and-sweatshirts-men.html
[INFO] - [09-04-2025 08:56:02] [main] [com.SprintDemo.utilites.elementActions] By.cssSelector: img[alt='Marco Lightweight Active Hoodie']button  should be clicked now
[INFO] - [09-04-2025 08:56:02] [main] [com.SprintDemo.utilites.elementActions] By.id: option-label-size-143-item-168button  should be clicked now
[INFO] - [09-04-2025 08:56:02] [main] [com.SprintDemo.utilites.elementActions] By.id: option-label-color-93-item-50button  should be clicked now
[INFO] - [09-04-2025 08:56:02] [main] [com.SprintDemo.utilites.elementActions] By.id: product-addtocart-buttonbutton  should be clicked now
[INFO] - [09-04-2025 08:56:02] [main] [com.SprintDemo.pages.AddItemPage] Item should be added now 
[INFO] - [09-04-2025 08:56:05] [main] [com.SprintDemo.pages.AddItemPage] now counter is displayed now 
[INFO] - [09-04-2025 08:56:05] [main] [com.SprintDemo.utilites.elementActions] By.xpath: //a[@class='action showcart']button  should be clicked now
[INFO] - [09-04-2025 08:56:08] [main] [com.SprintDemo.utilites.elementActions] By.xpath: //button[@id='top-cart-btn-checkout']button  should be clicked now
[INFO] - [09-04-2025 08:56:08] [main] [com.SprintDemo.utilites.elementActions] data is send to data-test@outlook.com
[INFO] - [09-04-2025 08:56:08] [main] [com.SprintDemo.utilites.elementActions] data is send to nada
[INFO] - [09-04-2025 08:56:09] [main] [com.SprintDemo.utilites.elementActions] data is send to ali
[INFO] - [09-04-2025 08:56:09] [main] [com.SprintDemo.utilites.elementActions] data is send to maxab
[INFO] - [09-04-2025 08:56:09] [main] [com.SprintDemo.utilites.elementActions] data is send to cairo
[INFO] - [09-04-2025 08:56:09] [main] [com.SprintDemo.utilites.elementActions] data is send to egypt
[INFO] - [09-04-2025 08:56:09] [main] [com.SprintDemo.utilites.elementActions] data is send to new cairo
[INFO] - [09-04-2025 08:56:09] [main] [com.SprintDemo.utilites.elementActions] data is send to egypt
[INFO] - [09-04-2025 08:56:09] [main] [com.SprintDemo.utilites.elementActions] data is send to Alaska
[INFO] - [09-04-2025 08:56:09] [main] [com.SprintDemo.utilites.elementActions] data is send to T1234
[INFO] - [09-04-2025 08:56:09] [main] [com.SprintDemo.utilites.elementActions] data is send to 67889.0
[INFO] - [09-04-2025 08:56:09] [main] [com.SprintDemo.pages.AddItemPage] now all valide data is entered
[INFO] - [09-04-2025 08:56:09] [main] [com.SprintDemo.utilites.elementActions] By.cssSelector: .button.action.continue.primarybutton  should be clicked now
[INFO] - [09-04-2025 08:56:12] [main] [com.SprintDemo.utilites.elementActions] By.cssSelector: .button.action.continue.primarybutton  should be clicked now
[INFO] - [09-04-2025 08:56:18] [main] [com.SprintDemo.utilites.BrowserActions] URL now is https://magento.softwaretestingboard.com/men/tops-men/hoodies-and-sweatshirts-men.html
[INFO] - [09-04-2025 08:56:18] [main] [com.SprintDemo.pages.AddItemPage] sucessful message is Thank you for your purchase!
[INFO] - [09-04-2025 08:56:48] [main] [com.Sprint.tests.AddItemToTheCartTest] the driver is closed successfully 
