[INFO] - [09-04-2025 14:25:49] [main] [org.testng.internal.Utils] [TestNG] Running:
  D:\Sprint task\practiseAutomationProject\testng.xml

[INFO] - [09-04-2025 14:25:51] [main] [com.SprintDemo.drivers.DriverManager] driver created:chrome
[INFO] - [09-04-2025 14:25:55] [main] [com.SprintDemo.utilites.BrowserActions] URL now is https://magento.softwaretestingboard.com/men/tops-men/hoodies-and-sweatshirts-men.html
[INFO] - [09-04-2025 14:25:56] [main] [com.SprintDemo.drivers.DriverManager] driver created:chrome
[INFO] - [09-04-2025 14:25:56] [main] [com.Sprint.tests.AddItemToTheCartTest] driver is intialised now 
[INFO] - [09-04-2025 14:26:00] [main] [com.SprintDemo.utilites.BrowserActions] URL now is https://magento.softwaretestingboard.com/men/tops-men/hoodies-and-sweatshirts-men.html
[INFO] - [09-04-2025 14:26:01] [main] [com.SprintDemo.utilites.elementActions] By.cssSelector: img[alt='Marco Lightweight Active Hoodie']button  should be clicked now
[INFO] - [09-04-2025 14:26:01] [main] [com.SprintDemo.utilites.elementActions] By.id: option-label-size-143-item-168button  should be clicked now
[INFO] - [09-04-2025 14:26:01] [main] [com.SprintDemo.utilites.elementActions] By.id: option-label-color-93-item-50button  should be clicked now
[INFO] - [09-04-2025 14:26:01] [main] [com.SprintDemo.utilites.elementActions] By.id: product-addtocart-buttonbutton  should be clicked now
[INFO] - [09-04-2025 14:26:01] [main] [com.SprintDemo.pages.AddItemPage] Item should be added now 
[INFO] - [09-04-2025 14:26:01] [main] [com.SprintDemo.utilites.Scrolling] page should be scrolled up now 
[INFO] - [09-04-2025 14:26:03] [main] [com.SprintDemo.pages.AddItemPage] actual displayed messaged is You added Marco Lightweight Active Hoodie to your shopping cart.
[INFO] - [09-04-2025 14:26:03] [main] [com.SprintDemo.pages.AddItemPage] item added sucessfully
[INFO] - [09-04-2025 14:26:03] [main] [com.Sprint.tests.AddItemToTheCartTest] item should be added to card now 
[INFO] - [09-04-2025 14:26:03] [main] [com.Sprint.tests.AddItemToTheCartTest] the driver is closed successfully 
[INFO] - [09-04-2025 14:26:05] [main] [com.SprintDemo.drivers.DriverManager] driver created:chrome
[INFO] - [09-04-2025 14:26:05] [main] [com.Sprint.tests.AddItemToTheCartTest] driver is intialised now 
[INFO] - [09-04-2025 14:26:09] [main] [com.SprintDemo.utilites.BrowserActions] URL now is https://magento.softwaretestingboard.com/men/tops-men/hoodies-and-sweatshirts-men.html
[INFO] - [09-04-2025 14:26:10] [main] [com.SprintDemo.utilites.elementActions] By.cssSelector: img[alt='Marco Lightweight Active Hoodie']button  should be clicked now
[INFO] - [09-04-2025 14:26:10] [main] [com.SprintDemo.utilites.elementActions] By.id: option-label-color-93-item-50button  should be clicked now
[INFO] - [09-04-2025 14:26:10] [main] [com.SprintDemo.utilites.elementActions] By.id: product-addtocart-buttonbutton  should be clicked now
[INFO] - [09-04-2025 14:26:10] [main] [com.Sprint.tests.AddItemToTheCartTest] the driver is closed successfully 
[INFO] - [09-04-2025 14:26:11] [main] [com.SprintDemo.utilites.elementActions] data is send to Selene Yoga Hoodie
[INFO] - [09-04-2025 14:26:11] [main] [com.SprintDemo.pages.HomePage] search key Selene Yoga Hoodieshould be displayed now 
[INFO] - [09-04-2025 14:26:13] [main] [com.SprintDemo.drivers.DriverManager] driver created:chrome
[INFO] - [09-04-2025 14:26:13] [main] [com.Sprint.tests.AddItemToTheCartTest] driver is intialised now 
[INFO] - [09-04-2025 14:26:16] [main] [com.SprintDemo.utilites.BrowserActions] URL now is https://magento.softwaretestingboard.com/men/tops-men/hoodies-and-sweatshirts-men.html
[INFO] - [09-04-2025 14:26:18] [main] [com.SprintDemo.utilites.elementActions] By.cssSelector: img[alt='Marco Lightweight Active Hoodie']button  should be clicked now
[INFO] - [09-04-2025 14:26:18] [main] [com.SprintDemo.utilites.elementActions] By.id: option-label-size-143-item-168button  should be clicked now
[INFO] - [09-04-2025 14:26:18] [main] [com.SprintDemo.utilites.elementActions] By.id: option-label-color-93-item-50button  should be clicked now
[INFO] - [09-04-2025 14:26:18] [main] [com.SprintDemo.utilites.elementActions] By.id: product-addtocart-buttonbutton  should be clicked now
[INFO] - [09-04-2025 14:26:18] [main] [com.SprintDemo.pages.AddItemPage] Item should be added now 
[INFO] - [09-04-2025 14:26:21] [main] [com.SprintDemo.pages.AddItemPage] now counter is displayed now 
[INFO] - [09-04-2025 14:26:21] [main] [com.SprintDemo.utilites.elementActions] By.xpath: //a[@class='action showcart']button  should be clicked now
[INFO] - [09-04-2025 14:26:24] [main] [com.SprintDemo.utilites.elementActions] By.xpath: //button[@id='top-cart-btn-checkout']button  should be clicked now
[INFO] - [09-04-2025 14:26:24] [main] [com.SprintDemo.utilites.elementActions] data is send to data-test@outlook.com
[INFO] - [09-04-2025 14:26:24] [main] [com.SprintDemo.utilites.elementActions] data is send to nada
[INFO] - [09-04-2025 14:26:25] [main] [com.SprintDemo.utilites.elementActions] data is send to ali
[INFO] - [09-04-2025 14:26:25] [main] [com.SprintDemo.utilites.elementActions] data is send to maxab
[INFO] - [09-04-2025 14:26:25] [main] [com.SprintDemo.utilites.elementActions] data is send to cairo
[INFO] - [09-04-2025 14:26:25] [main] [com.SprintDemo.utilites.elementActions] data is send to egypt
[INFO] - [09-04-2025 14:26:25] [main] [com.SprintDemo.utilites.elementActions] data is send to new cairo
[INFO] - [09-04-2025 14:26:25] [main] [com.SprintDemo.utilites.elementActions] data is send to egypt
[INFO] - [09-04-2025 14:26:25] [main] [com.SprintDemo.utilites.elementActions] data is send to Alaska
[INFO] - [09-04-2025 14:26:25] [main] [com.SprintDemo.utilites.elementActions] data is send to T1234
[INFO] - [09-04-2025 14:26:25] [main] [com.SprintDemo.utilites.elementActions] data is send to 67889.0
[INFO] - [09-04-2025 14:26:25] [main] [com.SprintDemo.pages.AddItemPage] now all valide data is entered
[INFO] - [09-04-2025 14:26:25] [main] [com.SprintDemo.utilites.elementActions] By.cssSelector: .button.action.continue.primarybutton  should be clicked now
[INFO] - [09-04-2025 14:26:29] [main] [com.SprintDemo.utilites.elementActions] By.cssSelector: .button.action.continue.primarybutton  should be clicked now
[INFO] - [09-04-2025 14:26:33] [main] [com.SprintDemo.pages.AddItemPage] Expected  message is Thank you for your purchase!
[INFO] - [09-04-2025 14:26:33] [main] [com.SprintDemo.pages.AddItemPage] Actual  message is Checkout
[INFO] - [09-04-2025 14:26:33] [main] [com.Sprint.tests.AddItemToTheCartTest] the driver is closed successfully 
[INFO] - [09-04-2025 14:26:35] [main] [com.SprintDemo.drivers.DriverManager] driver created:chrome
[INFO] - [09-04-2025 14:26:35] [main] [com.Sprint.tests.AddItemToTheCartTest] driver is intialised now 
[INFO] - [09-04-2025 14:26:38] [main] [com.SprintDemo.utilites.BrowserActions] URL now is https://magento.softwaretestingboard.com/men/tops-men/hoodies-and-sweatshirts-men.html
[INFO] - [09-04-2025 14:26:40] [main] [com.SprintDemo.utilites.elementActions] By.cssSelector: img[alt='Marco Lightweight Active Hoodie']button  should be clicked now
[INFO] - [09-04-2025 14:26:40] [main] [com.SprintDemo.utilites.elementActions] By.id: option-label-size-143-item-168button  should be clicked now
[INFO] - [09-04-2025 14:26:40] [main] [com.SprintDemo.utilites.elementActions] By.id: option-label-color-93-item-50button  should be clicked now
[INFO] - [09-04-2025 14:26:40] [main] [com.SprintDemo.utilites.elementActions] By.id: product-addtocart-buttonbutton  should be clicked now
[INFO] - [09-04-2025 14:26:40] [main] [com.SprintDemo.pages.AddItemPage] Item should be added now 
[INFO] - [09-04-2025 14:26:43] [main] [com.SprintDemo.pages.AddItemPage] now counter is displayed now 
[INFO] - [09-04-2025 14:26:43] [main] [com.SprintDemo.utilites.elementActions] By.xpath: //a[@class='action showcart']button  should be clicked now
[INFO] - [09-04-2025 14:26:46] [main] [com.SprintDemo.utilites.elementActions] By.xpath: //button[@id='top-cart-btn-checkout']button  should be clicked now
[INFO] - [09-04-2025 14:26:46] [main] [com.SprintDemo.utilites.elementActions] data is send to test-allure@gmail.com
[INFO] - [09-04-2025 14:26:47] [main] [com.SprintDemo.utilites.elementActions] data is send to hoda
[INFO] - [09-04-2025 14:26:47] [main] [com.SprintDemo.utilites.elementActions] data is send to sakr
[INFO] - [09-04-2025 14:26:47] [main] [com.SprintDemo.utilites.elementActions] data is send to cegedim
[INFO] - [09-04-2025 14:26:47] [main] [com.SprintDemo.utilites.elementActions] data is send to new cairo
[INFO] - [09-04-2025 14:26:47] [main] [com.SprintDemo.utilites.elementActions] data is send to egypt
[INFO] - [09-04-2025 14:26:47] [main] [com.SprintDemo.utilites.elementActions] data is send to tanta
[INFO] - [09-04-2025 14:26:47] [main] [com.SprintDemo.utilites.elementActions] data is send to banha
[INFO] - [09-04-2025 14:26:47] [main] [com.SprintDemo.utilites.elementActions] data is send to Alaska
[INFO] - [09-04-2025 14:26:47] [main] [com.SprintDemo.utilites.elementActions] data is send to y768
[INFO] - [09-04-2025 14:26:48] [main] [com.SprintDemo.utilites.elementActions] data is send to 900988.0
[INFO] - [09-04-2025 14:26:48] [main] [com.SprintDemo.pages.AddItemPage] now all valide data is entered
[INFO] - [09-04-2025 14:26:48] [main] [com.SprintDemo.utilites.elementActions] By.cssSelector: .button.action.continue.primarybutton  should be clicked now
[INFO] - [09-04-2025 14:26:51] [main] [com.SprintDemo.utilites.elementActions] By.cssSelector: .button.action.continue.primarybutton  should be clicked now
[INFO] - [09-04-2025 14:26:53] [main] [com.SprintDemo.pages.AddItemPage] Expected  message is Thank you for your purchase!
[INFO] - [09-04-2025 14:26:53] [main] [com.SprintDemo.pages.AddItemPage] Actual  message is Checkout
[INFO] - [09-04-2025 14:26:53] [main] [com.Sprint.tests.AddItemToTheCartTest] the driver is closed successfully 
